{"/home/moisesjr/Driven/sing_me_a_song_api/src/app.ts": {"path":"/home/moisesjr/Driven/sing_me_a_song_api/src/app.ts","statementMap":{"0":{"start":{"line":7,"column":12},"end":{"line":7,"column":21}},"1":{"start":{"line":8,"column":0},"end":{"line":8,"column":16}},"2":{"start":{"line":9,"column":0},"end":{"line":9,"column":24}},"3":{"start":{"line":11,"column":0},"end":{"line":11,"column":16}},"4":{"start":{"line":12,"column":0},"end":{"line":12,"column":32}}},"fnMap":{},"branchMap":{},"s":{"0":1,"1":1,"2":1,"3":1,"4":1},"f":{},"b":{}}
,"/home/moisesjr/Driven/sing_me_a_song_api/src/database.ts": {"path":"/home/moisesjr/Driven/sing_me_a_song_api/src/database.ts","statementMap":{"0":{"start":{"line":3,"column":25},"end":{"line":3,"column":28}},"1":{"start":{"line":4,"column":22},"end":{"line":4,"column":40}}},"fnMap":{},"branchMap":{},"s":{"0":2,"1":2},"f":{},"b":{}}
,"/home/moisesjr/Driven/sing_me_a_song_api/src/controllers/recommendationController.ts": {"path":"/home/moisesjr/Driven/sing_me_a_song_api/src/controllers/recommendationController.ts","statementMap":{"0":{"start":{"line":7,"column":21},"end":{"line":7,"column":60}},"1":{"start":{"line":8,"column":2},"end":{"line":10,"column":null}},"2":{"start":{"line":9,"column":4},"end":{"line":9,"column":29}},"3":{"start":{"line":12,"column":2},"end":{"line":12,"column":47}},"4":{"start":{"line":14,"column":2},"end":{"line":14,"column":22}},"5":{"start":{"line":18,"column":17},"end":{"line":18,"column":27}},"6":{"start":{"line":20,"column":2},"end":{"line":20,"column":42}},"7":{"start":{"line":22,"column":2},"end":{"line":22,"column":22}},"8":{"start":{"line":26,"column":17},"end":{"line":26,"column":27}},"9":{"start":{"line":28,"column":2},"end":{"line":28,"column":44}},"10":{"start":{"line":30,"column":2},"end":{"line":30,"column":22}},"11":{"start":{"line":34,"column":31},"end":{"line":34,"column":70}},"12":{"start":{"line":36,"column":2},"end":{"line":36,"column":33}},"13":{"start":{"line":40,"column":26},"end":{"line":40,"column":59}},"14":{"start":{"line":41,"column":2},"end":{"line":41,"column":28}},"15":{"start":{"line":45,"column":21},"end":{"line":45,"column":31}},"16":{"start":{"line":47,"column":26},"end":{"line":47,"column":69}},"17":{"start":{"line":48,"column":2},"end":{"line":48,"column":28}},"18":{"start":{"line":52,"column":17},"end":{"line":52,"column":27}},"19":{"start":{"line":54,"column":25},"end":{"line":54,"column":65}},"20":{"start":{"line":55,"column":2},"end":{"line":55,"column":27}},"21":{"start":{"line":58,"column":40},"end":{"line":66,"column":2}}},"fnMap":{"0":{"name":"insert","decl":{"start":{"line":6,"column":15},"end":{"line":6,"column":21}},"loc":{"start":{"line":6,"column":49},"end":{"line":15,"column":null}}},"1":{"name":"upvote","decl":{"start":{"line":17,"column":15},"end":{"line":17,"column":21}},"loc":{"start":{"line":17,"column":49},"end":{"line":23,"column":null}}},"2":{"name":"downvote","decl":{"start":{"line":25,"column":15},"end":{"line":25,"column":23}},"loc":{"start":{"line":25,"column":51},"end":{"line":31,"column":null}}},"3":{"name":"random","decl":{"start":{"line":33,"column":15},"end":{"line":33,"column":21}},"loc":{"start":{"line":33,"column":49},"end":{"line":37,"column":null}}},"4":{"name":"get","decl":{"start":{"line":39,"column":15},"end":{"line":39,"column":18}},"loc":{"start":{"line":39,"column":46},"end":{"line":42,"column":null}}},"5":{"name":"getTop","decl":{"start":{"line":44,"column":15},"end":{"line":44,"column":21}},"loc":{"start":{"line":44,"column":49},"end":{"line":49,"column":null}}},"6":{"name":"getById","decl":{"start":{"line":51,"column":15},"end":{"line":51,"column":22}},"loc":{"start":{"line":51,"column":50},"end":{"line":56,"column":null}}}},"branchMap":{"0":{"loc":{"start":{"line":8,"column":2},"end":{"line":10,"column":null}},"type":"if","locations":[{"start":{"line":8,"column":2},"end":{"line":10,"column":null}}]}},"s":{"0":2,"1":2,"2":1,"3":1,"4":1,"5":1,"6":1,"7":1,"8":1,"9":1,"10":1,"11":1,"12":1,"13":1,"14":1,"15":1,"16":1,"17":1,"18":1,"19":1,"20":1,"21":1},"f":{"0":2,"1":1,"2":1,"3":1,"4":1,"5":1,"6":1},"b":{"0":[1]}}
,"/home/moisesjr/Driven/sing_me_a_song_api/src/controllers/testsController.ts": {"path":"/home/moisesjr/Driven/sing_me_a_song_api/src/controllers/testsController.ts","statementMap":{"0":{"start":{"line":5,"column":4},"end":{"line":5,"column":43}},"1":{"start":{"line":6,"column":4},"end":{"line":6,"column":24}},"2":{"start":{"line":10,"column":4},"end":{"line":10,"column":39}},"3":{"start":{"line":11,"column":4},"end":{"line":11,"column":24}}},"fnMap":{"0":{"name":"resetDatabase","decl":{"start":{"line":4,"column":22},"end":{"line":4,"column":35}},"loc":{"start":{"line":4,"column":63},"end":{"line":7,"column":null}}},"1":{"name":"seedDatabase","decl":{"start":{"line":9,"column":22},"end":{"line":9,"column":34}},"loc":{"start":{"line":9,"column":62},"end":{"line":12,"column":null}}}},"branchMap":{},"s":{"0":0,"1":0,"2":0,"3":0},"f":{"0":0,"1":0},"b":{}}
,"/home/moisesjr/Driven/sing_me_a_song_api/src/middlewares/errorHandlerMiddleware.ts": {"path":"/home/moisesjr/Driven/sing_me_a_song_api/src/middlewares/errorHandlerMiddleware.ts","statementMap":{"0":{"start":{"line":14,"column":2},"end":{"line":14,"column":19}},"1":{"start":{"line":16,"column":2},"end":{"line":18,"column":null}},"2":{"start":{"line":17,"column":4},"end":{"line":17,"column":73}},"3":{"start":{"line":20,"column":2},"end":{"line":20,"column":29}}},"fnMap":{"0":{"name":"errorHandlerMiddleware","decl":{"start":{"line":8,"column":16},"end":{"line":8,"column":38}},"loc":{"start":{"line":12,"column":20},"end":{"line":21,"column":1}}}},"branchMap":{"0":{"loc":{"start":{"line":16,"column":2},"end":{"line":18,"column":null}},"type":"if","locations":[{"start":{"line":16,"column":2},"end":{"line":18,"column":null}}]}},"s":{"0":1,"1":1,"2":1,"3":0},"f":{"0":1},"b":{"0":[1]}}
,"/home/moisesjr/Driven/sing_me_a_song_api/src/repositories/recommendationRepository.ts": {"path":"/home/moisesjr/Driven/sing_me_a_song_api/src/repositories/recommendationRepository.ts","statementMap":{"0":{"start":{"line":6,"column":1},"end":{"line":8,"column":4}},"1":{"start":{"line":17,"column":16},"end":{"line":17,"column":46}},"2":{"start":{"line":19,"column":1},"end":{"line":23,"column":4}},"3":{"start":{"line":27,"column":1},"end":{"line":30,"column":4}},"4":{"start":{"line":36,"column":1},"end":{"line":36,"column":30}},"5":{"start":{"line":36,"column":20},"end":{"line":36,"column":30}},"6":{"start":{"line":38,"column":32},"end":{"line":38,"column":44}},"7":{"start":{"line":40,"column":1},"end":{"line":42,"column":3}},"8":{"start":{"line":46,"column":1},"end":{"line":48,"column":4}},"9":{"start":{"line":52,"column":1},"end":{"line":54,"column":4}},"10":{"start":{"line":58,"column":1},"end":{"line":63,"column":4}},"11":{"start":{"line":67,"column":1},"end":{"line":69,"column":4}},"12":{"start":{"line":73,"column":1},"end":{"line":73,"column":59}},"13":{"start":{"line":77,"column":1},"end":{"line":91,"column":4}},"14":{"start":{"line":94,"column":40},"end":{"line":104,"column":2}}},"fnMap":{"0":{"name":"create","decl":{"start":{"line":5,"column":15},"end":{"line":5,"column":21}},"loc":{"start":{"line":5,"column":72},"end":{"line":9,"column":null}}},"1":{"name":"findAll","decl":{"start":{"line":16,"column":9},"end":{"line":16,"column":16}},"loc":{"start":{"line":16,"column":44},"end":{"line":24,"column":1}}},"2":{"name":"getAmountByScore","decl":{"start":{"line":26,"column":9},"end":{"line":26,"column":25}},"loc":{"start":{"line":26,"column":38},"end":{"line":31,"column":1}}},"3":{"name":"getFindAllFilter","decl":{"start":{"line":33,"column":9},"end":{"line":33,"column":25}},"loc":{"start":{"line":34,"column":28},"end":{"line":43,"column":1}}},"4":{"name":"find","decl":{"start":{"line":45,"column":9},"end":{"line":45,"column":13}},"loc":{"start":{"line":45,"column":24},"end":{"line":49,"column":1}}},"5":{"name":"findByName","decl":{"start":{"line":51,"column":9},"end":{"line":51,"column":19}},"loc":{"start":{"line":51,"column":32},"end":{"line":55,"column":1}}},"6":{"name":"updateScore","decl":{"start":{"line":57,"column":15},"end":{"line":57,"column":26}},"loc":{"start":{"line":57,"column":75},"end":{"line":64,"column":null}}},"7":{"name":"remove","decl":{"start":{"line":66,"column":15},"end":{"line":66,"column":21}},"loc":{"start":{"line":66,"column":32},"end":{"line":70,"column":null}}},"8":{"name":"truncate","decl":{"start":{"line":72,"column":15},"end":{"line":72,"column":23}},"loc":{"start":{"line":72,"column":23},"end":{"line":74,"column":null}}},"9":{"name":"seed","decl":{"start":{"line":76,"column":15},"end":{"line":76,"column":19}},"loc":{"start":{"line":76,"column":19},"end":{"line":92,"column":null}}}},"branchMap":{"0":{"loc":{"start":{"line":36,"column":1},"end":{"line":36,"column":30}},"type":"if","locations":[{"start":{"line":36,"column":1},"end":{"line":36,"column":30}}]}},"s":{"0":1,"1":3,"2":3,"3":1,"4":3,"5":2,"6":1,"7":1,"8":3,"9":1,"10":2,"11":0,"12":0,"13":0,"14":2},"f":{"0":1,"1":3,"2":1,"3":3,"4":3,"5":1,"6":2,"7":0,"8":0,"9":0},"b":{"0":[2]}}
,"/home/moisesjr/Driven/sing_me_a_song_api/src/routers/index.ts": {"path":"/home/moisesjr/Driven/sing_me_a_song_api/src/routers/index.ts","statementMap":{"0":{"start":{"line":5,"column":15},"end":{"line":5,"column":23}},"1":{"start":{"line":7,"column":0},"end":{"line":7,"column":53}},"2":{"start":{"line":8,"column":0},"end":{"line":10,"column":null}},"3":{"start":{"line":9,"column":1},"end":{"line":9,"column":25}}},"fnMap":{},"branchMap":{"0":{"loc":{"start":{"line":8,"column":0},"end":{"line":10,"column":null}},"type":"if","locations":[{"start":{"line":8,"column":0},"end":{"line":10,"column":null}}]}},"s":{"0":1,"1":1,"2":1,"3":0},"f":{},"b":{"0":[0]}}
,"/home/moisesjr/Driven/sing_me_a_song_api/src/routers/recommendationRouter.ts": {"path":"/home/moisesjr/Driven/sing_me_a_song_api/src/routers/recommendationRouter.ts","statementMap":{"0":{"start":{"line":4,"column":29},"end":{"line":4,"column":37}},"1":{"start":{"line":6,"column":0},"end":{"line":6,"column":64}},"2":{"start":{"line":7,"column":0},"end":{"line":7,"column":60}},"3":{"start":{"line":8,"column":0},"end":{"line":8,"column":69}},"4":{"start":{"line":9,"column":0},"end":{"line":9,"column":74}},"5":{"start":{"line":10,"column":0},"end":{"line":10,"column":67}},"6":{"start":{"line":11,"column":0},"end":{"line":11,"column":74}},"7":{"start":{"line":12,"column":0},"end":{"line":12,"column":78}}},"fnMap":{},"branchMap":{},"s":{"0":1,"1":1,"2":1,"3":1,"4":1,"5":1,"6":1,"7":1},"f":{},"b":{}}
,"/home/moisesjr/Driven/sing_me_a_song_api/src/routers/testsRouter.ts": {"path":"/home/moisesjr/Driven/sing_me_a_song_api/src/routers/testsRouter.ts","statementMap":{"0":{"start":{"line":4,"column":20},"end":{"line":4,"column":36}},"1":{"start":{"line":6,"column":0},"end":{"line":6,"column":67}},"2":{"start":{"line":7,"column":0},"end":{"line":7,"column":null}}},"fnMap":{},"branchMap":{},"s":{"0":1,"1":1,"2":1},"f":{},"b":{}}
,"/home/moisesjr/Driven/sing_me_a_song_api/src/schemas/recommendationsSchemas.ts": {"path":"/home/moisesjr/Driven/sing_me_a_song_api/src/schemas/recommendationsSchemas.ts","statementMap":{"0":{"start":{"line":4,"column":25},"end":{"line":4,"column":78}},"1":{"start":{"line":6,"column":36},"end":{"line":9,"column":2}}},"fnMap":{},"branchMap":{},"s":{"0":1,"1":1},"f":{},"b":{}}
,"/home/moisesjr/Driven/sing_me_a_song_api/src/services/recommendationsService.ts": {"path":"/home/moisesjr/Driven/sing_me_a_song_api/src/services/recommendationsService.ts","statementMap":{"0":{"start":{"line":8,"column":32},"end":{"line":9,"column":null}},"1":{"start":{"line":11,"column":1},"end":{"line":12,"column":62}},"2":{"start":{"line":12,"column":2},"end":{"line":12,"column":62}},"3":{"start":{"line":14,"column":1},"end":{"line":14,"column":65}},"4":{"start":{"line":18,"column":1},"end":{"line":18,"column":25}},"5":{"start":{"line":20,"column":1},"end":{"line":20,"column":61}},"6":{"start":{"line":24,"column":1},"end":{"line":24,"column":25}},"7":{"start":{"line":26,"column":31},"end":{"line":28,"column":null}},"8":{"start":{"line":31,"column":1},"end":{"line":33,"column":null}},"9":{"start":{"line":32,"column":2},"end":{"line":32,"column":44}},"10":{"start":{"line":37,"column":24},"end":{"line":37,"column":63}},"11":{"start":{"line":38,"column":1},"end":{"line":38,"column":44}},"12":{"start":{"line":38,"column":22},"end":{"line":38,"column":44}},"13":{"start":{"line":40,"column":1},"end":{"line":40,"column":23}},"14":{"start":{"line":44,"column":1},"end":{"line":44,"column":43}},"15":{"start":{"line":48,"column":1},"end":{"line":48,"column":58}},"16":{"start":{"line":52,"column":16},"end":{"line":52,"column":29}},"17":{"start":{"line":53,"column":21},"end":{"line":53,"column":43}},"18":{"start":{"line":55,"column":25},"end":{"line":55,"column":54}},"19":{"start":{"line":56,"column":1},"end":{"line":58,"column":null}},"20":{"start":{"line":57,"column":2},"end":{"line":57,"column":24}},"21":{"start":{"line":60,"column":21},"end":{"line":60,"column":71}},"22":{"start":{"line":61,"column":1},"end":{"line":61,"column":37}},"23":{"start":{"line":65,"column":25},"end":{"line":68,"column":3}},"24":{"start":{"line":70,"column":1},"end":{"line":72,"column":null}},"25":{"start":{"line":71,"column":2},"end":{"line":71,"column":25}},"26":{"start":{"line":74,"column":1},"end":{"line":74,"column":43}},"27":{"start":{"line":78,"column":1},"end":{"line":80,"column":null}},"28":{"start":{"line":79,"column":2},"end":{"line":79,"column":14}},"29":{"start":{"line":82,"column":1},"end":{"line":82,"column":14}},"30":{"start":{"line":86,"column":1},"end":{"line":86,"column":43}},"31":{"start":{"line":90,"column":1},"end":{"line":90,"column":39}},"32":{"start":{"line":93,"column":37},"end":{"line":103,"column":2}}},"fnMap":{"0":{"name":"insert","decl":{"start":{"line":7,"column":15},"end":{"line":7,"column":21}},"loc":{"start":{"line":7,"column":72},"end":{"line":15,"column":null}}},"1":{"name":"upvote","decl":{"start":{"line":17,"column":15},"end":{"line":17,"column":21}},"loc":{"start":{"line":17,"column":32},"end":{"line":21,"column":null}}},"2":{"name":"downvote","decl":{"start":{"line":23,"column":15},"end":{"line":23,"column":23}},"loc":{"start":{"line":23,"column":34},"end":{"line":34,"column":null}}},"3":{"name":"getByIdOrFail","decl":{"start":{"line":36,"column":15},"end":{"line":36,"column":28}},"loc":{"start":{"line":36,"column":39},"end":{"line":41,"column":null}}},"4":{"name":"get","decl":{"start":{"line":43,"column":15},"end":{"line":43,"column":18}},"loc":{"start":{"line":43,"column":18},"end":{"line":45,"column":null}}},"5":{"name":"getTop","decl":{"start":{"line":47,"column":15},"end":{"line":47,"column":21}},"loc":{"start":{"line":47,"column":36},"end":{"line":49,"column":null}}},"6":{"name":"getRandom","decl":{"start":{"line":51,"column":15},"end":{"line":51,"column":24}},"loc":{"start":{"line":51,"column":24},"end":{"line":62,"column":null}}},"7":{"name":"getByScore","decl":{"start":{"line":64,"column":15},"end":{"line":64,"column":25}},"loc":{"start":{"line":64,"column":51},"end":{"line":75,"column":null}}},"8":{"name":"getScoreFilter","decl":{"start":{"line":77,"column":9},"end":{"line":77,"column":23}},"loc":{"start":{"line":77,"column":38},"end":{"line":83,"column":1}}},"9":{"name":"truncate","decl":{"start":{"line":85,"column":15},"end":{"line":85,"column":23}},"loc":{"start":{"line":85,"column":23},"end":{"line":87,"column":null}}},"10":{"name":"seed","decl":{"start":{"line":89,"column":15},"end":{"line":89,"column":19}},"loc":{"start":{"line":89,"column":19},"end":{"line":91,"column":null}}}},"branchMap":{"0":{"loc":{"start":{"line":11,"column":1},"end":{"line":12,"column":62}},"type":"if","locations":[{"start":{"line":11,"column":1},"end":{"line":12,"column":62}}]},"1":{"loc":{"start":{"line":31,"column":1},"end":{"line":33,"column":null}},"type":"if","locations":[{"start":{"line":31,"column":1},"end":{"line":33,"column":null}}]},"2":{"loc":{"start":{"line":38,"column":1},"end":{"line":38,"column":44}},"type":"if","locations":[{"start":{"line":38,"column":1},"end":{"line":38,"column":44}}]},"3":{"loc":{"start":{"line":56,"column":1},"end":{"line":58,"column":null}},"type":"if","locations":[{"start":{"line":56,"column":1},"end":{"line":58,"column":null}}]},"4":{"loc":{"start":{"line":70,"column":1},"end":{"line":72,"column":null}},"type":"if","locations":[{"start":{"line":70,"column":1},"end":{"line":72,"column":null}}]},"5":{"loc":{"start":{"line":78,"column":1},"end":{"line":80,"column":null}},"type":"if","locations":[{"start":{"line":78,"column":1},"end":{"line":80,"column":null}}]}},"s":{"0":2,"1":2,"2":1,"3":1,"4":1,"5":1,"6":1,"7":1,"8":1,"9":0,"10":3,"11":3,"12":0,"13":3,"14":1,"15":1,"16":1,"17":1,"18":1,"19":1,"20":0,"21":1,"22":1,"23":1,"24":1,"25":0,"26":1,"27":1,"28":1,"29":0,"30":0,"31":0,"32":2},"f":{"0":2,"1":1,"2":1,"3":3,"4":1,"5":1,"6":1,"7":1,"8":1,"9":0,"10":0},"b":{"0":[1],"1":[0],"2":[0],"3":[0],"4":[0],"5":[1]}}
,"/home/moisesjr/Driven/sing_me_a_song_api/src/utils/errorUtils.ts": {"path":"/home/moisesjr/Driven/sing_me_a_song_api/src/utils/errorUtils.ts","statementMap":{"0":{"start":{"line":8,"column":2},"end":{"line":8,"column":48}},"1":{"start":{"line":12,"column":2},"end":{"line":12,"column":38}},"2":{"start":{"line":12,"column":27},"end":{"line":12,"column":38}},"3":{"start":{"line":13,"column":2},"end":{"line":13,"column":39}},"4":{"start":{"line":13,"column":28},"end":{"line":13,"column":39}},"5":{"start":{"line":14,"column":2},"end":{"line":14,"column":42}},"6":{"start":{"line":14,"column":31},"end":{"line":14,"column":42}},"7":{"start":{"line":15,"column":2},"end":{"line":15,"column":42}},"8":{"start":{"line":15,"column":31},"end":{"line":15,"column":42}},"9":{"start":{"line":16,"column":2},"end":{"line":16,"column":13}},"10":{"start":{"line":20,"column":2},"end":{"line":20,"column":54}},"11":{"start":{"line":24,"column":2},"end":{"line":24,"column":55}},"12":{"start":{"line":28,"column":2},"end":{"line":28,"column":58}},"13":{"start":{"line":32,"column":2},"end":{"line":32,"column":58}}},"fnMap":{"0":{"name":"isAppError","decl":{"start":{"line":7,"column":16},"end":{"line":7,"column":26}},"loc":{"start":{"line":7,"column":40},"end":{"line":9,"column":1}}},"1":{"name":"errorTypeToStatusCode","decl":{"start":{"line":11,"column":16},"end":{"line":11,"column":37}},"loc":{"start":{"line":11,"column":57},"end":{"line":17,"column":1}}},"2":{"name":"conflictError","decl":{"start":{"line":19,"column":16},"end":{"line":19,"column":29}},"loc":{"start":{"line":19,"column":46},"end":{"line":21,"column":1}}},"3":{"name":"notFoundError","decl":{"start":{"line":23,"column":16},"end":{"line":23,"column":29}},"loc":{"start":{"line":23,"column":46},"end":{"line":25,"column":1}}},"4":{"name":"unauthorizedError","decl":{"start":{"line":27,"column":16},"end":{"line":27,"column":33}},"loc":{"start":{"line":27,"column":50},"end":{"line":29,"column":1}}},"5":{"name":"wrongSchemaError","decl":{"start":{"line":31,"column":16},"end":{"line":31,"column":32}},"loc":{"start":{"line":31,"column":49},"end":{"line":33,"column":1}}}},"branchMap":{"0":{"loc":{"start":{"line":12,"column":2},"end":{"line":12,"column":38}},"type":"if","locations":[{"start":{"line":12,"column":2},"end":{"line":12,"column":38}}]},"1":{"loc":{"start":{"line":13,"column":2},"end":{"line":13,"column":39}},"type":"if","locations":[{"start":{"line":13,"column":2},"end":{"line":13,"column":39}}]},"2":{"loc":{"start":{"line":14,"column":2},"end":{"line":14,"column":42}},"type":"if","locations":[{"start":{"line":14,"column":2},"end":{"line":14,"column":42}}]},"3":{"loc":{"start":{"line":15,"column":2},"end":{"line":15,"column":42}},"type":"if","locations":[{"start":{"line":15,"column":2},"end":{"line":15,"column":42}}]},"4":{"loc":{"start":{"line":20,"column":38},"end":{"line":20,"column":51}},"type":"cond-expr","locations":[{"start":{"line":20,"column":38},"end":{"line":20,"column":45}},{"start":{"line":20,"column":49},"end":{"line":20,"column":51}}]},"5":{"loc":{"start":{"line":20,"column":38},"end":{"line":20,"column":49}},"type":"binary-expr","locations":[{"start":{"line":20,"column":38},"end":{"line":20,"column":49}},{"start":{"line":20,"column":38},"end":{"line":20,"column":49}}]},"6":{"loc":{"start":{"line":24,"column":39},"end":{"line":24,"column":52}},"type":"cond-expr","locations":[{"start":{"line":24,"column":39},"end":{"line":24,"column":46}},{"start":{"line":24,"column":50},"end":{"line":24,"column":52}}]},"7":{"loc":{"start":{"line":24,"column":39},"end":{"line":24,"column":50}},"type":"binary-expr","locations":[{"start":{"line":24,"column":39},"end":{"line":24,"column":50}},{"start":{"line":24,"column":39},"end":{"line":24,"column":50}}]},"8":{"loc":{"start":{"line":28,"column":42},"end":{"line":28,"column":55}},"type":"cond-expr","locations":[{"start":{"line":28,"column":42},"end":{"line":28,"column":49}},{"start":{"line":28,"column":53},"end":{"line":28,"column":55}}]},"9":{"loc":{"start":{"line":28,"column":42},"end":{"line":28,"column":53}},"type":"binary-expr","locations":[{"start":{"line":28,"column":42},"end":{"line":28,"column":53}},{"start":{"line":28,"column":42},"end":{"line":28,"column":53}}]},"10":{"loc":{"start":{"line":32,"column":42},"end":{"line":32,"column":55}},"type":"cond-expr","locations":[{"start":{"line":32,"column":42},"end":{"line":32,"column":49}},{"start":{"line":32,"column":53},"end":{"line":32,"column":55}}]},"11":{"loc":{"start":{"line":32,"column":42},"end":{"line":32,"column":53}},"type":"binary-expr","locations":[{"start":{"line":32,"column":42},"end":{"line":32,"column":53}},{"start":{"line":32,"column":42},"end":{"line":32,"column":53}}]}},"s":{"0":1,"1":1,"2":0,"3":1,"4":0,"5":1,"6":0,"7":1,"8":1,"9":0,"10":1,"11":0,"12":0,"13":1},"f":{"0":1,"1":1,"2":1,"3":0,"4":0,"5":1},"b":{"0":[0],"1":[0],"2":[0],"3":[1],"4":[1,0],"5":[1,1],"6":[0,0],"7":[0,0],"8":[0,0],"9":[0,0],"10":[0,1],"11":[1,1]}}
,"/home/moisesjr/Driven/sing_me_a_song_api/tests/factories/recommendationBodyFactory.ts": {"path":"/home/moisesjr/Driven/sing_me_a_song_api/tests/factories/recommendationBodyFactory.ts","statementMap":{"0":{"start":{"line":5,"column":4},"end":{"line":10,"column":null}}},"fnMap":{"0":{"name":"recommendationBody","decl":{"start":{"line":4,"column":16},"end":{"line":4,"column":34}},"loc":{"start":{"line":4,"column":34},"end":{"line":11,"column":1}}}},"branchMap":{},"s":{"0":1},"f":{"0":1},"b":{}}
}
